<?xml version="1.0" encoding="UTF-8"?>
<testng-results skipped="0" failed="0" ignored="0" total="2" passed="2">
  <reporter-output>
  </reporter-output>
  <suite name="Suite" duration-ms="33287" started-at="2021-09-12T00:14:02 EDT" finished-at="2021-09-12T00:14:35 EDT">
    <groups>
      <group name="cucumber">
        <method signature="AbstractTestNGCucumberTests.runScenario(io.cucumber.testng.PickleWrapper, io.cucumber.testng.FeatureWrapper)[pri:0, instance:com.osa.runners.RunQA@4493d195]" name="runScenario" class="io.cucumber.testng.AbstractTestNGCucumberTests"/>
      </group> <!-- cucumber -->
    </groups>
    <test name="Test" duration-ms="33287" started-at="2021-09-12T00:14:02 EDT" finished-at="2021-09-12T00:14:35 EDT">
      <class name="com.osa.runners.RunQA">
        <test-method status="PASS" signature="setUpClass()[pri:0, instance:com.osa.runners.RunQA@4493d195]" name="setUpClass" is-config="true" duration-ms="807" started-at="2021-09-12T00:14:02 EDT" finished-at="2021-09-12T00:14:02 EDT">
          <reporter-output>
          </reporter-output>
        </test-method> <!-- setUpClass -->
        <test-method status="PASS" signature="runScenario(io.cucumber.testng.PickleWrapper, io.cucumber.testng.FeatureWrapper)[pri:0, instance:com.osa.runners.RunQA@4493d195]" name="runScenario" duration-ms="17722" started-at="2021-09-12T00:14:03 EDT" description="Runs Cucumber Scenarios" data-provider="scenarios" finished-at="2021-09-12T00:14:20 EDT">
          <params>
            <param index="0">
              <value>
                <![CDATA["I should be able to login in OSA Forum by using valid username and password"]]>
              </value>
            </param>
            <param index="1">
              <value>
                <![CDATA["Title of your feature. I want to use this template for my feature file"]]>
              </value>
            </param>
          </params>
          <reporter-output>
          </reporter-output>
        </test-method> <!-- runScenario -->
        <test-method status="PASS" signature="runScenario(io.cucumber.testng.PickleWrapper, io.cucumber.testng.FeatureWrapper)[pri:0, instance:com.osa.runners.RunQA@4493d195]" name="runScenario" duration-ms="12668" started-at="2021-09-12T00:14:20 EDT" description="Runs Cucumber Scenarios" data-provider="scenarios" finished-at="2021-09-12T00:14:33 EDT">
          <params>
            <param index="0">
              <value>
                <![CDATA["I should be able to navigate to Inteview question page"]]>
              </value>
            </param>
            <param index="1">
              <value>
                <![CDATA["Title of your feature. I want to use this template for my feature file"]]>
              </value>
            </param>
          </params>
          <reporter-output>
          </reporter-output>
        </test-method> <!-- runScenario -->
        <test-method status="PASS" signature="tearDownClass()[pri:0, instance:com.osa.runners.RunQA@4493d195]" name="tearDownClass" is-config="true" duration-ms="2016" started-at="2021-09-12T00:14:33 EDT" finished-at="2021-09-12T00:14:35 EDT">
          <reporter-output>
          </reporter-output>
        </test-method> <!-- tearDownClass -->
      </class> <!-- com.osa.runners.RunQA -->
    </test> <!-- Test -->
  </suite> <!-- Suite -->
</testng-results>
